#! /usr/local/Cellar/icarus-verilog/10.2_1/bin/vvp
:ivl_version "10.2 (stable)" "(v10_2)";
:ivl_delay_selection "TYPICAL";
:vpi_time_precision - 12;
:vpi_module "system";
:vpi_module "vhdl_sys";
:vpi_module "v2005_math";
:vpi_module "va_math";
S_0x7f9956c0e180 .scope module, "tb_top" "tb_top" 2 7;
 .timescale -12 -12;
v0x7f9956c1e890_0 .var "clk_100m", 0 0;
v0x7f9956c1e940_0 .net "data", 55 0, L_0x7f9956c1ecb0;  1 drivers
S_0x7f9956c0e2e0 .scope module, "u_randomgen" "randomgen" 2 26, 3 3 0, S_0x7f9956c0e180;
 .timescale -12 -12;
    .port_info 0 /INPUT 1 "clk"
    .port_info 1 /OUTPUT 56 "data"
v0x7f9956c1e360_0 .net *"_s11", 13 0, L_0x7f9956c1ebf0;  1 drivers
v0x7f9956c1e410_0 .net *"_s16", 13 0, L_0x7f9956c1ee80;  1 drivers
v0x7f9956c1e4c0_0 .net *"_s3", 13 0, L_0x7f9956c1ea10;  1 drivers
v0x7f9956c1e580_0 .net *"_s7", 13 0, L_0x7f9956c1eaf0;  1 drivers
v0x7f9956c1e630_0 .net "clk", 0 0, v0x7f9956c1e890_0;  1 drivers
v0x7f9956c1e710_0 .net "data", 55 0, L_0x7f9956c1ecb0;  alias, 1 drivers
v0x7f9956c1e7b0_0 .var "random_data", 63 0;
E_0x7f9956c03b30 .event posedge, v0x7f9956c1e630_0;
L_0x7f9956c1ea10 .part v0x7f9956c1e7b0_0, 0, 14;
L_0x7f9956c1eaf0 .part v0x7f9956c1e7b0_0, 14, 14;
L_0x7f9956c1ebf0 .part v0x7f9956c1e7b0_0, 28, 14;
L_0x7f9956c1ecb0 .concat8 [ 14 14 14 14], L_0x7f9956c1ea10, L_0x7f9956c1eaf0, L_0x7f9956c1ebf0, L_0x7f9956c1ee80;
L_0x7f9956c1ee80 .part v0x7f9956c1e7b0_0, 42, 14;
S_0x7f9956c0e440 .scope function, "xorshift64" "xorshift64" 3 13, 3 13 0, S_0x7f9956c0e2e0;
 .timescale -12 -12;
v0x7f9956c05e40_0 .var "x", 63 0;
v0x7f9956c1e2c0_0 .var "xorshift64", 63 0;
TD_tb_top.u_randomgen.xorshift64 ;
    %load/vec4 v0x7f9956c05e40_0;
    %load/vec4 v0x7f9956c05e40_0;
    %ix/load 4, 13, 0;
    %flag_set/imm 4, 0;
    %shiftl 4;
    %xor;
    %store/vec4 v0x7f9956c05e40_0, 0, 64;
    %load/vec4 v0x7f9956c05e40_0;
    %load/vec4 v0x7f9956c05e40_0;
    %ix/load 4, 7, 0;
    %flag_set/imm 4, 0;
    %shiftr 4;
    %xor;
    %store/vec4 v0x7f9956c05e40_0, 0, 64;
    %load/vec4 v0x7f9956c05e40_0;
    %load/vec4 v0x7f9956c05e40_0;
    %ix/load 4, 17, 0;
    %flag_set/imm 4, 0;
    %shiftl 4;
    %xor;
    %store/vec4 v0x7f9956c05e40_0, 0, 64;
    %end;
    .scope S_0x7f9956c0e2e0;
T_1 ;
    %pushi/vec4 2627749605, 0, 39;
    %concati/vec4 29325892, 0, 25;
    %store/vec4 v0x7f9956c1e7b0_0, 0, 64;
    %end;
    .thread T_1;
    .scope S_0x7f9956c0e2e0;
T_2 ;
    %wait E_0x7f9956c03b30;
    %load/vec4 v0x7f9956c1e7b0_0;
    %store/vec4 v0x7f9956c05e40_0, 0, 64;
    %fork TD_tb_top.u_randomgen.xorshift64, S_0x7f9956c0e440;
    %join;
    %load/vec4  v0x7f9956c1e2c0_0;
    %assign/vec4 v0x7f9956c1e7b0_0, 0;
    %jmp T_2;
    .thread T_2;
    .scope S_0x7f9956c0e180;
T_3 ;
    %pushi/vec4 1, 0, 1;
    %store/vec4 v0x7f9956c1e890_0, 0, 1;
    %end;
    .thread T_3;
    .scope S_0x7f9956c0e180;
T_4 ;
    %delay 5000, 0;
    %load/vec4 v0x7f9956c1e890_0;
    %inv;
    %store/vec4 v0x7f9956c1e890_0, 0, 1;
    %jmp T_4;
    .thread T_4;
    .scope S_0x7f9956c0e180;
T_5 ;
    %delay 100000, 0;
    %vpi_call 2 33 "$finish" {0 0 0};
    %end;
    .thread T_5;
    .scope S_0x7f9956c0e180;
T_6 ;
    %vpi_call 2 37 "$monitor", $time, " : data0=%d", &PV<v0x7f9956c1e940_0, 0, 14> {0 0 0};
    %vpi_call 2 38 "$monitor", $time, " : data1=%d", &PV<v0x7f9956c1e940_0, 14, 14> {0 0 0};
    %vpi_call 2 39 "$monitor", $time, " : data2=%d", &PV<v0x7f9956c1e940_0, 28, 14> {0 0 0};
    %vpi_call 2 40 "$monitor", $time, " : data3=%d", &PV<v0x7f9956c1e940_0, 42, 14> {0 0 0};
    %vpi_call 2 41 "$dumpfile", "randomgen.vcd" {0 0 0};
    %vpi_call 2 42 "$dumpvars", 32'sb00000000000000000000000000000000, S_0x7f9956c0e2e0 {0 0 0};
    %end;
    .thread T_6;
# The file index is used to find the file name in the following table.
:file_names 4;
    "N/A";
    "<interactive>";
    "tb_top.sv";
    "randomgen.sv";
