#! /usr/local/Cellar/icarus-verilog/10.2_1/bin/vvp
:ivl_version "10.2 (stable)" "(v10_2)";
:ivl_delay_selection "TYPICAL";
:vpi_time_precision - 12;
:vpi_module "system";
:vpi_module "vhdl_sys";
:vpi_module "v2005_math";
:vpi_module "va_math";
S_0x7f8b26e002e0 .scope module, "testbench" "testbench" 2 10;
 .timescale -12 -12;
v0x7f8b26d1d0d0_0 .var "CLK", 0 0;
v0x7f8b26d1d190_0 .net "DATA", 7 0, v0x7f8b26d1ce40_0;  1 drivers
v0x7f8b26d1d240_0 .var "MODE", 1 0;
v0x7f8b26d1d310_0 .var "XRST", 0 0;
v0x7f8b26d1d3c0_0 .var "count", 9 0;
v0x7f8b26d1d490_0 .var/i "file", 31 0;
v0x7f8b26d1d530 .array "tpat_mode", 0 0, 1 0;
S_0x7f8b26e00440 .scope module, "u_mode_selector" "mode_selector" 2 23, 3 7 0, S_0x7f8b26e002e0;
 .timescale -12 -12;
    .port_info 0 /INPUT 1 "xrst"
    .port_info 1 /INPUT 1 "clk"
    .port_info 2 /INPUT 2 "mode"
    .port_info 3 /OUTPUT 8 "data"
v0x7f8b26d0cbd0_0 .net "clk", 0 0, v0x7f8b26d1d0d0_0;  1 drivers
v0x7f8b26d1cd90_0 .var "count", 7 0;
v0x7f8b26d1ce40_0 .var "data", 7 0;
v0x7f8b26d1cf00_0 .net "mode", 1 0, v0x7f8b26d1d240_0;  1 drivers
v0x7f8b26d1cfb0_0 .net "xrst", 0 0, v0x7f8b26d1d310_0;  1 drivers
E_0x7f8b26e00010 .event posedge, v0x7f8b26d0cbd0_0;
    .scope S_0x7f8b26e00440;
T_0 ;
    %pushi/vec4 0, 0, 8;
    %store/vec4 v0x7f8b26d1ce40_0, 0, 8;
    %pushi/vec4 0, 0, 8;
    %store/vec4 v0x7f8b26d1cd90_0, 0, 8;
    %end;
    .thread T_0;
    .scope S_0x7f8b26e00440;
T_1 ;
    %wait E_0x7f8b26e00010;
    %load/vec4 v0x7f8b26d1cfb0_0;
    %nor/r;
    %flag_set/vec4 8;
    %jmp/0xz  T_1.0, 8;
    %pushi/vec4 0, 0, 8;
    %assign/vec4 v0x7f8b26d1cd90_0, 0;
    %jmp T_1.1;
T_1.0 ;
    %load/vec4 v0x7f8b26d1cd90_0;
    %addi 1, 0, 8;
    %assign/vec4 v0x7f8b26d1cd90_0, 0;
T_1.1 ;
    %jmp T_1;
    .thread T_1;
    .scope S_0x7f8b26e00440;
T_2 ;
    %wait E_0x7f8b26e00010;
    %load/vec4 v0x7f8b26d1cfb0_0;
    %nor/r;
    %flag_set/vec4 8;
    %jmp/0xz  T_2.0, 8;
    %pushi/vec4 0, 0, 8;
    %assign/vec4 v0x7f8b26d1ce40_0, 0;
    %jmp T_2.1;
T_2.0 ;
    %load/vec4 v0x7f8b26d1cf00_0;
    %cmpi/e 1, 0, 2;
    %jmp/0xz  T_2.2, 4;
    %load/vec4 v0x7f8b26d1cd90_0;
    %assign/vec4 v0x7f8b26d1ce40_0, 0;
    %jmp T_2.3;
T_2.2 ;
    %load/vec4 v0x7f8b26d1cf00_0;
    %cmpi/e 2, 0, 2;
    %jmp/0xz  T_2.4, 4;
    %pushi/vec4 2, 0, 8;
    %assign/vec4 v0x7f8b26d1ce40_0, 0;
    %jmp T_2.5;
T_2.4 ;
    %load/vec4 v0x7f8b26d1cf00_0;
    %cmpi/e 3, 0, 2;
    %jmp/0xz  T_2.6, 4;
    %pushi/vec4 3, 0, 8;
    %assign/vec4 v0x7f8b26d1ce40_0, 0;
    %jmp T_2.7;
T_2.6 ;
    %pushi/vec4 0, 0, 8;
    %assign/vec4 v0x7f8b26d1ce40_0, 0;
T_2.7 ;
T_2.5 ;
T_2.3 ;
T_2.1 ;
    %jmp T_2;
    .thread T_2;
    .scope S_0x7f8b26e002e0;
T_3 ;
    %pushi/vec4 0, 0, 10;
    %store/vec4 v0x7f8b26d1d3c0_0, 0, 10;
    %end;
    .thread T_3;
    .scope S_0x7f8b26e002e0;
T_4 ;
    %delay 5000, 0;
    %load/vec4 v0x7f8b26d1d0d0_0;
    %inv;
    %store/vec4 v0x7f8b26d1d0d0_0, 0, 1;
    %jmp T_4;
    .thread T_4;
    .scope S_0x7f8b26e002e0;
T_5 ;
    %vpi_call 2 46 "$readmemb", "testcase.inc", v0x7f8b26d1d530 {0 0 0};
    %vpi_call 2 47 "$display", "%b", &A<v0x7f8b26d1d530, 0> {0 0 0};
    %vpi_func 2 48 "$fopen" 32, "testcase.csv", "w" {0 0 0};
    %store/vec4 v0x7f8b26d1d490_0, 0, 32;
    %pushi/vec4 1, 0, 1;
    %store/vec4 v0x7f8b26d1d0d0_0, 0, 1;
    %pushi/vec4 0, 0, 1;
    %store/vec4 v0x7f8b26d1d310_0, 0, 1;
    %ix/load 4, 0, 0;
    %flag_set/imm 4, 0;
    %load/vec4a v0x7f8b26d1d530, 4;
    %store/vec4 v0x7f8b26d1d240_0, 0, 2;
    %delay 5000, 0;
    %pushi/vec4 1, 0, 1;
    %store/vec4 v0x7f8b26d1d310_0, 0, 1;
    %end;
    .thread T_5;
    .scope S_0x7f8b26e002e0;
T_6 ;
    %wait E_0x7f8b26e00010;
    %load/vec4 v0x7f8b26d1d310_0;
    %cmpi/e 0, 0, 1;
    %jmp/0xz  T_6.0, 4;
    %pushi/vec4 0, 0, 10;
    %assign/vec4 v0x7f8b26d1d3c0_0, 0;
    %jmp T_6.1;
T_6.0 ;
    %load/vec4 v0x7f8b26d1d3c0_0;
    %addi 1, 0, 10;
    %assign/vec4 v0x7f8b26d1d3c0_0, 0;
T_6.1 ;
    %jmp T_6;
    .thread T_6;
    .scope S_0x7f8b26e002e0;
T_7 ;
    %wait E_0x7f8b26e00010;
    %load/vec4 v0x7f8b26d1d3c0_0;
    %cmpi/e 1000, 0, 10;
    %jmp/0xz  T_7.0, 4;
    %vpi_call 2 69 "$fclose", v0x7f8b26d1d490_0 {0 0 0};
    %vpi_call 2 70 "$finish" {0 0 0};
T_7.0 ;
    %jmp T_7;
    .thread T_7;
    .scope S_0x7f8b26e002e0;
T_8 ;
    %wait E_0x7f8b26e00010;
    %vpi_call 2 79 "$fdisplay", v0x7f8b26d1d490_0, "%02x", v0x7f8b26d1d190_0 {0 0 0};
    %jmp T_8;
    .thread T_8;
    .scope S_0x7f8b26e002e0;
T_9 ;
    %vpi_call 2 83 "$dumpfile", "mode_selector.vcd" {0 0 0};
    %vpi_call 2 84 "$dumpvars", 32'sb00000000000000000000000000000000, S_0x7f8b26e00440 {0 0 0};
    %end;
    .thread T_9;
# The file index is used to find the file name in the following table.
:file_names 4;
    "N/A";
    "<interactive>";
    "tb_top.sv";
    "mode_selector.sv";
