#! /usr/local/Cellar/icarus-verilog/10.2_1/bin/vvp
:ivl_version "10.2 (stable)" "(v10_2)";
:ivl_delay_selection "TYPICAL";
:vpi_time_precision - 12;
:vpi_module "system";
:vpi_module "vhdl_sys";
:vpi_module "v2005_math";
:vpi_module "va_math";
S_0x7fd895e06920 .scope module, "testbench" "testbench" 2 11;
 .timescale -12 -12;
v0x7fd895e16c60_0 .var "CLK", 0 0;
v0x7fd895e16d10_0 .net "Q", 3 0, v0x7fd895e06be0_0;  1 drivers
S_0x7fd895e06a80 .scope module, "u_msec_counter" "msec_counter" 2 27, 3 7 0, S_0x7fd895e06920;
 .timescale 0 0;
    .port_info 0 /INPUT 1 "clk_4m"
    .port_info 1 /OUTPUT 4 "Q"
v0x7fd895e06be0_0 .var "Q", 3 0;
v0x7fd895e16a50_0 .var "clk_1k", 0 0;
v0x7fd895e16af0_0 .net "clk_4m", 0 0, v0x7fd895e16c60_0;  1 drivers
v0x7fd895e16b80_0 .var "count", 10 0;
E_0x7fd895e02310 .event posedge, v0x7fd895e16a50_0;
E_0x7fd895e02510 .event posedge, v0x7fd895e16af0_0;
    .scope S_0x7fd895e06a80;
T_0 ;
    %pushi/vec4 1, 0, 4;
    %store/vec4 v0x7fd895e06be0_0, 0, 4;
    %pushi/vec4 1, 0, 1;
    %store/vec4 v0x7fd895e16a50_0, 0, 1;
    %pushi/vec4 1, 0, 11;
    %store/vec4 v0x7fd895e16b80_0, 0, 11;
    %end;
    .thread T_0;
    .scope S_0x7fd895e06a80;
T_1 ;
    %wait E_0x7fd895e02510;
    %load/vec4 v0x7fd895e16b80_0;
    %cmpi/e 2000, 0, 11;
    %jmp/0xz  T_1.0, 4;
    %load/vec4 v0x7fd895e16a50_0;
    %inv;
    %assign/vec4 v0x7fd895e16a50_0, 0;
    %pushi/vec4 1, 0, 11;
    %assign/vec4 v0x7fd895e16b80_0, 0;
    %jmp T_1.1;
T_1.0 ;
    %load/vec4 v0x7fd895e16b80_0;
    %addi 1, 0, 11;
    %assign/vec4 v0x7fd895e16b80_0, 0;
T_1.1 ;
    %jmp T_1;
    .thread T_1;
    .scope S_0x7fd895e06a80;
T_2 ;
    %wait E_0x7fd895e02310;
    %load/vec4 v0x7fd895e06be0_0;
    %parti/s 3, 0, 2;
    %load/vec4 v0x7fd895e06be0_0;
    %parti/s 1, 3, 3;
    %concat/vec4; draw_concat_vec4
    %assign/vec4 v0x7fd895e06be0_0, 0;
    %jmp T_2;
    .thread T_2;
    .scope S_0x7fd895e06920;
T_3 ;
    %delay 125000, 0;
    %load/vec4 v0x7fd895e16c60_0;
    %inv;
    %store/vec4 v0x7fd895e16c60_0, 0, 1;
    %jmp T_3;
    .thread T_3;
    .scope S_0x7fd895e06920;
T_4 ;
    %pushi/vec4 1, 0, 1;
    %store/vec4 v0x7fd895e16c60_0, 0, 1;
    %delay 1316134912, 2328;
    %vpi_call 2 24 "$finish" {0 0 0};
    %end;
    .thread T_4;
    .scope S_0x7fd895e06920;
T_5 ;
    %vpi_call 2 34 "$monitor", $time, " : Q=%d", v0x7fd895e16d10_0 {0 0 0};
    %end;
    .thread T_5;
# The file index is used to find the file name in the following table.
:file_names 4;
    "N/A";
    "<interactive>";
    "q11.sv";
    "q10.sv";
