#! /usr/local/Cellar/icarus-verilog/10.2_1/bin/vvp
:ivl_version "10.2 (stable)" "(v10_2)";
:ivl_delay_selection "TYPICAL";
:vpi_time_precision - 12;
:vpi_module "system";
:vpi_module "vhdl_sys";
:vpi_module "v2005_math";
:vpi_module "va_math";
S_0x7fb8524037c0 .scope module, "testbench" "testbench" 2 10;
 .timescale -12 -12;
v0x7fb85241e0d0_0 .var "CLK", 0 0;
v0x7fb85241e180_0 .var "COUNT_EN", 0 0;
v0x7fb85241e210_0 .net "Q", 7 0, v0x7fb85241de30_0;  1 drivers
v0x7fb85241e2c0_0 .var "UPX", 0 0;
v0x7fb85241e370_0 .var "XRST", 0 0;
v0x7fb85241e440_0 .var/i "file", 31 0;
S_0x7fb85240df70 .scope module, "u_udcnt200" "udcnt200" 2 22, 3 7 0, S_0x7fb8524037c0;
 .timescale -12 -12;
    .port_info 0 /INPUT 1 "rstx"
    .port_info 1 /INPUT 1 "clk"
    .port_info 2 /INPUT 1 "upx"
    .port_info 3 /INPUT 1 "ena"
    .port_info 4 /OUTPUT 8 "q"
v0x7fb85240d880_0 .net "clk", 0 0, v0x7fb85241e0d0_0;  1 drivers
v0x7fb85241dd90_0 .net "ena", 0 0, v0x7fb85241e180_0;  1 drivers
v0x7fb85241de30_0 .var "q", 7 0;
v0x7fb85241ded0_0 .net "rstx", 0 0, v0x7fb85241e370_0;  1 drivers
v0x7fb85241df70_0 .net "upx", 0 0, v0x7fb85241e2c0_0;  1 drivers
E_0x7fb852406e10 .event posedge, v0x7fb85240d880_0;
    .scope S_0x7fb85240df70;
T_0 ;
    %pushi/vec4 0, 0, 8;
    %store/vec4 v0x7fb85241de30_0, 0, 8;
    %end;
    .thread T_0;
    .scope S_0x7fb85240df70;
T_1 ;
    %wait E_0x7fb852406e10;
    %load/vec4 v0x7fb85241ded0_0;
    %nor/r;
    %flag_set/vec4 8;
    %jmp/0xz  T_1.0, 8;
    %pushi/vec4 0, 0, 8;
    %assign/vec4 v0x7fb85241de30_0, 0;
    %jmp T_1.1;
T_1.0 ;
    %load/vec4 v0x7fb85241dd90_0;
    %nor/r;
    %flag_set/vec4 8;
    %jmp/0xz  T_1.2, 8;
    %jmp T_1.3;
T_1.2 ;
    %load/vec4 v0x7fb85241df70_0;
    %cmpi/e 0, 0, 1;
    %jmp/0xz  T_1.4, 4;
    %load/vec4 v0x7fb85241de30_0;
    %cmpi/e 199, 0, 8;
    %jmp/0xz  T_1.6, 4;
    %pushi/vec4 0, 0, 8;
    %assign/vec4 v0x7fb85241de30_0, 0;
    %jmp T_1.7;
T_1.6 ;
    %load/vec4 v0x7fb85241de30_0;
    %addi 1, 0, 8;
    %assign/vec4 v0x7fb85241de30_0, 0;
T_1.7 ;
    %jmp T_1.5;
T_1.4 ;
    %load/vec4 v0x7fb85241de30_0;
    %cmpi/e 0, 0, 8;
    %jmp/0xz  T_1.8, 4;
    %pushi/vec4 199, 0, 8;
    %assign/vec4 v0x7fb85241de30_0, 0;
    %jmp T_1.9;
T_1.8 ;
    %load/vec4 v0x7fb85241de30_0;
    %subi 1, 0, 8;
    %assign/vec4 v0x7fb85241de30_0, 0;
T_1.9 ;
T_1.5 ;
T_1.3 ;
T_1.1 ;
    %jmp T_1;
    .thread T_1;
    .scope S_0x7fb8524037c0;
T_2 ;
    %delay 5000, 0;
    %load/vec4 v0x7fb85241e0d0_0;
    %inv;
    %store/vec4 v0x7fb85241e0d0_0, 0, 1;
    %jmp T_2;
    .thread T_2;
    .scope S_0x7fb8524037c0;
T_3 ;
    %vpi_func 4 4 "$fopen" 32, "testcase.csv", "w" {0 0 0};
    %store/vec4 v0x7fb85241e440_0, 0, 32;
    %pushi/vec4 1, 0, 1;
    %store/vec4 v0x7fb85241e0d0_0, 0, 1;
    %pushi/vec4 0, 0, 1;
    %store/vec4 v0x7fb85241e370_0, 0, 1;
    %pushi/vec4 0, 0, 1;
    %store/vec4 v0x7fb85241e2c0_0, 0, 1;
    %pushi/vec4 1, 0, 1;
    %store/vec4 v0x7fb85241e180_0, 0, 1;
    %delay 5000, 0;
    %pushi/vec4 1, 0, 1;
    %store/vec4 v0x7fb85241e370_0, 0, 1;
    %delay 1000000, 0;
    %pushi/vec4 0, 0, 1;
    %store/vec4 v0x7fb85241e180_0, 0, 1;
    %delay 1000000, 0;
    %pushi/vec4 1, 0, 1;
    %store/vec4 v0x7fb85241e180_0, 0, 1;
    %delay 1000000, 0;
    %vpi_call 4 18 "$fclose", v0x7fb85241e440_0 {0 0 0};
    %vpi_call 4 19 "$finish" {0 0 0};
    %end;
    .thread T_3;
    .scope S_0x7fb8524037c0;
T_4 ;
    %wait E_0x7fb852406e10;
    %vpi_call 4 23 "$fdisplay", v0x7fb85241e440_0, "%02x", v0x7fb85241e210_0 {0 0 0};
    %jmp T_4;
    .thread T_4;
    .scope S_0x7fb8524037c0;
T_5 ;
    %vpi_call 2 35 "$dumpfile", "udcnt200.vcd" {0 0 0};
    %vpi_call 2 36 "$dumpvars", 32'sb00000000000000000000000000000000, S_0x7fb85240df70 {0 0 0};
    %end;
    .thread T_5;
# The file index is used to find the file name in the following table.
:file_names 5;
    "N/A";
    "<interactive>";
    "tb_top.sv";
    "udcnt200.sv";
    "./testcase.inc";
